{"contracts/cube.sol":{"l":{"105":900,"106":900,"107":900,"108":900,"110":900,"111":900,"112":900,"113":900,"114":900,"116":900,"117":900,"123":2,"124":2,"125":2,"129":408,"130":1,"131":1,"133":1,"134":1,"135":1,"136":1,"138":407,"144":400,"148":408,"150":407,"151":407,"157":406,"158":406,"159":406,"160":406,"161":405,"164":406,"165":406,"168":406,"171":406,"179":7,"180":6,"181":6,"182":5,"183":5,"194":4,"197":4,"200":2,"201":2,"203":4,"204":4,"207":4,"208":4,"209":4,"210":4,"212":2,"216":2,"220":1},"path":"/Users/kenth/code/sunblock-contracts/contracts/cube.sol","s":{"1":900,"2":900,"3":900,"4":900,"5":900,"6":900,"7":900,"8":900,"9":900,"10":900,"11":900,"12":2,"13":2,"14":2,"15":408,"16":1,"17":1,"18":1,"19":1,"20":1,"21":1,"22":407,"23":400,"24":408,"25":407,"26":407,"27":406,"28":406,"29":406,"30":406,"31":405,"32":406,"33":406,"34":406,"35":406,"36":7,"37":6,"38":6,"39":5,"40":5,"41":4,"42":4,"43":2,"44":2,"45":4,"46":4,"47":4,"48":4,"49":4,"50":4,"51":2,"52":2,"53":1},"b":{"1":[1,407],"2":[1,0],"3":[407,1],"4":[405,1],"5":[6,1],"6":[2,2]},"f":{"1":900,"2":2,"3":408,"4":400,"5":408,"6":7,"7":4,"8":2,"9":1,"10":0},"fnMap":{"1":{"name":"initialize","line":104,"loc":{"start":{"line":104,"column":4},"end":{"line":118,"column":4}}},"2":{"name":"setInvestmentTarget","line":122,"loc":{"start":{"line":122,"column":4},"end":{"line":126,"column":4}}},"3":{"name":"_tryFundingTarget","line":128,"loc":{"start":{"line":128,"column":4},"end":{"line":140,"column":4}}},"4":{"name":"shareHolderCount","line":143,"loc":{"start":{"line":143,"column":4},"end":{"line":145,"column":2}}},"5":{"name":"buyShares","line":147,"loc":{"start":{"line":147,"column":4},"end":{"line":172,"column":2}}},"6":{"name":"collectRewards","line":178,"loc":{"start":{"line":178,"column":2},"end":{"line":184,"column":2}}},"7":{"name":"distributeRewards","line":192,"loc":{"start":{"line":192,"column":2},"end":{"line":213,"column":2}}},"8":{"name":"pause","line":215,"loc":{"start":{"line":215,"column":4},"end":{"line":217,"column":4}}},"9":{"name":"unpause","line":219,"loc":{"start":{"line":219,"column":4},"end":{"line":221,"column":4}}},"10":{"name":"_authorizeUpgrade","line":226,"loc":{"start":{"line":223,"column":4},"end":{"line":227,"column":5}}}},"statementMap":{"1":{"start":{"line":105,"column":8},"end":{"line":105,"column":24}},"2":{"start":{"line":106,"column":8},"end":{"line":106,"column":29}},"3":{"start":{"line":107,"column":8},"end":{"line":107,"column":31}},"4":{"start":{"line":108,"column":8},"end":{"line":108,"column":31}},"5":{"start":{"line":110,"column":8},"end":{"line":110,"column":49}},"6":{"start":{"line":111,"column":8},"end":{"line":111,"column":42}},"7":{"start":{"line":112,"column":8},"end":{"line":112,"column":44}},"8":{"start":{"line":113,"column":8},"end":{"line":113,"column":43}},"9":{"start":{"line":114,"column":8},"end":{"line":114,"column":44}},"10":{"start":{"line":116,"column":8},"end":{"line":116,"column":64}},"11":{"start":{"line":117,"column":8},"end":{"line":117,"column":27}},"12":{"start":{"line":123,"column":6},"end":{"line":123,"column":56}},"13":{"start":{"line":124,"column":6},"end":{"line":124,"column":27}},"14":{"start":{"line":125,"column":6},"end":{"line":125,"column":24}},"15":{"start":{"line":129,"column":6},"end":{"line":129,"column":4657}},"16":{"start":{"line":130,"column":8},"end":{"line":130,"column":4744}},"17":{"start":{"line":131,"column":10},"end":{"line":131,"column":68}},"18":{"start":{"line":133,"column":8},"end":{"line":133,"column":67}},"19":{"start":{"line":134,"column":8},"end":{"line":134,"column":70}},"20":{"start":{"line":135,"column":8},"end":{"line":135,"column":37}},"21":{"start":{"line":136,"column":8},"end":{"line":136,"column":19}},"22":{"start":{"line":138,"column":8},"end":{"line":138,"column":20}},"23":{"start":{"line":144,"column":5},"end":{"line":144,"column":52}},"24":{"start":{"line":148,"column":4},"end":{"line":148,"column":63}},"25":{"start":{"line":150,"column":4},"end":{"line":150,"column":50}},"26":{"start":{"line":151,"column":4},"end":{"line":151,"column":5531}},"27":{"start":{"line":157,"column":4},"end":{"line":157,"column":52}},"28":{"start":{"line":158,"column":4},"end":{"line":158,"column":28}},"29":{"start":{"line":159,"column":4},"end":{"line":159,"column":70}},"30":{"start":{"line":160,"column":4},"end":{"line":160,"column":5821}},"31":{"start":{"line":161,"column":6},"end":{"line":161,"column":37}},"32":{"start":{"line":164,"column":4},"end":{"line":164,"column":31}},"33":{"start":{"line":165,"column":4},"end":{"line":165,"column":30}},"34":{"start":{"line":168,"column":4},"end":{"line":168,"column":47}},"35":{"start":{"line":171,"column":4},"end":{"line":171,"column":22}},"36":{"start":{"line":179,"column":4},"end":{"line":179,"column":48}},"37":{"start":{"line":180,"column":4},"end":{"line":180,"column":72}},"38":{"start":{"line":181,"column":4},"end":{"line":181,"column":44}},"39":{"start":{"line":182,"column":4},"end":{"line":182,"column":25}},"40":{"start":{"line":183,"column":4},"end":{"line":183,"column":58}},"41":{"start":{"line":194,"column":4},"end":{"line":194,"column":55}},"42":{"start":{"line":197,"column":4},"end":{"line":197,"column":55}},"43":{"start":{"line":200,"column":4},"end":{"line":200,"column":64}},"44":{"start":{"line":201,"column":4},"end":{"line":201,"column":7332}},"45":{"start":{"line":203,"column":6},"end":{"line":203,"column":66}},"46":{"start":{"line":204,"column":6},"end":{"line":204,"column":57}},"47":{"start":{"line":207,"column":6},"end":{"line":207,"column":58}},"48":{"start":{"line":208,"column":6},"end":{"line":208,"column":60}},"49":{"start":{"line":209,"column":6},"end":{"line":209,"column":31}},"50":{"start":{"line":210,"column":6},"end":{"line":210,"column":48}},"51":{"start":{"line":212,"column":4},"end":{"line":212,"column":48}},"52":{"start":{"line":216,"column":8},"end":{"line":216,"column":15}},"53":{"start":{"line":220,"column":8},"end":{"line":220,"column":17}}},"branchMap":{"1":{"line":129,"type":"if","locations":[{"start":{"line":129,"column":6},"end":{"line":129,"column":6}},{"start":{"line":129,"column":6},"end":{"line":129,"column":6}}]},"2":{"line":130,"type":"if","locations":[{"start":{"line":130,"column":8},"end":{"line":130,"column":8}},{"start":{"line":130,"column":8},"end":{"line":130,"column":8}}]},"3":{"line":148,"type":"if","locations":[{"start":{"line":148,"column":4},"end":{"line":148,"column":4}},{"start":{"line":148,"column":4},"end":{"line":148,"column":4}}]},"4":{"line":160,"type":"if","locations":[{"start":{"line":160,"column":4},"end":{"line":160,"column":4}},{"start":{"line":160,"column":4},"end":{"line":160,"column":4}}]},"5":{"line":179,"type":"if","locations":[{"start":{"line":179,"column":4},"end":{"line":179,"column":4}},{"start":{"line":179,"column":4},"end":{"line":179,"column":4}}]},"6":{"line":197,"type":"if","locations":[{"start":{"line":197,"column":4},"end":{"line":197,"column":4}},{"start":{"line":197,"column":4},"end":{"line":197,"column":4}}]}}},"contracts/ISunblockInvestmentVehicle.sol":{"l":{},"path":"/Users/kenth/code/sunblock-contracts/contracts/ISunblockInvestmentVehicle.sol","s":{},"b":{},"f":{},"fnMap":{},"statementMap":{},"branchMap":{}},"contracts/sunblockInvestmentVehicle_v1.sol":{"l":{"40":1200,"41":1200,"42":1200,"44":1200,"45":1200,"46":1200,"47":1200,"49":1200,"50":1200,"55":113,"56":113,"57":113,"60":5,"61":4,"62":4,"63":4,"66":265,"67":264,"68":264,"69":264,"70":264,"73":13,"74":9,"75":9,"76":9,"79":5,"80":3,"81":3,"82":3,"85":264,"86":264,"87":264,"88":264,"92":1,"96":1},"path":"/Users/kenth/code/sunblock-contracts/contracts/sunblockInvestmentVehicle_v1.sol","s":{"1":1200,"2":1200,"3":1200,"4":1200,"5":1200,"6":1200,"7":1200,"8":1200,"9":1200,"10":113,"11":113,"12":113,"13":5,"14":4,"15":4,"16":4,"17":265,"18":264,"19":264,"20":264,"21":264,"22":13,"23":9,"24":9,"25":9,"26":5,"27":3,"28":3,"29":3,"30":264,"31":264,"32":264,"33":264,"34":1,"35":1},"b":{"1":[4,1],"2":[264,1],"3":[9,4],"4":[3,2]},"f":{"1":3,"2":1200,"3":113,"4":5,"5":265,"6":13,"7":5,"8":264,"9":1,"10":1,"11":1},"fnMap":{"1":{"name":"constructor","line":37,"loc":{"start":{"line":37,"column":2},"end":{"line":37,"column":29}}},"2":{"name":"initialize","line":39,"loc":{"start":{"line":39,"column":2},"end":{"line":51,"column":2}}},"3":{"name":"depositInvestment","line":54,"loc":{"start":{"line":54,"column":2},"end":{"line":58,"column":2}}},"4":{"name":"withdrawInvestment","line":59,"loc":{"start":{"line":59,"column":2},"end":{"line":64,"column":2}}},"5":{"name":"depositReward","line":65,"loc":{"start":{"line":65,"column":2},"end":{"line":71,"column":2}}},"6":{"name":"withdrawReward","line":72,"loc":{"start":{"line":72,"column":2},"end":{"line":77,"column":2}}},"7":{"name":"withdrawManagerFee","line":78,"loc":{"start":{"line":78,"column":2},"end":{"line":83,"column":2}}},"8":{"name":"_extractFee","line":84,"loc":{"start":{"line":84,"column":2},"end":{"line":89,"column":2}}},"9":{"name":"pause","line":91,"loc":{"start":{"line":91,"column":2},"end":{"line":93,"column":2}}},"10":{"name":"unpause","line":95,"loc":{"start":{"line":95,"column":2},"end":{"line":97,"column":2}}},"11":{"name":"_authorizeUpgrade","line":102,"loc":{"start":{"line":99,"column":2},"end":{"line":103,"column":3}}}},"statementMap":{"1":{"start":{"line":40,"column":4},"end":{"line":40,"column":20}},"2":{"start":{"line":41,"column":4},"end":{"line":41,"column":25}},"3":{"start":{"line":42,"column":4},"end":{"line":42,"column":27}},"4":{"start":{"line":44,"column":4},"end":{"line":44,"column":45}},"5":{"start":{"line":45,"column":4},"end":{"line":45,"column":38}},"6":{"start":{"line":46,"column":4},"end":{"line":46,"column":40}},"7":{"start":{"line":47,"column":4},"end":{"line":47,"column":39}},"8":{"start":{"line":49,"column":4},"end":{"line":49,"column":41}},"9":{"start":{"line":50,"column":4},"end":{"line":50,"column":22}},"10":{"start":{"line":55,"column":4},"end":{"line":55,"column":66}},"11":{"start":{"line":56,"column":4},"end":{"line":56,"column":28}},"12":{"start":{"line":57,"column":4},"end":{"line":57,"column":58}},"13":{"start":{"line":60,"column":4},"end":{"line":60,"column":91}},"14":{"start":{"line":61,"column":4},"end":{"line":61,"column":47}},"15":{"start":{"line":62,"column":4},"end":{"line":62,"column":27}},"16":{"start":{"line":63,"column":4},"end":{"line":63,"column":58}},"17":{"start":{"line":66,"column":4},"end":{"line":66,"column":48}},"18":{"start":{"line":67,"column":4},"end":{"line":67,"column":49}},"19":{"start":{"line":68,"column":4},"end":{"line":68,"column":70}},"20":{"start":{"line":69,"column":4},"end":{"line":69,"column":31}},"21":{"start":{"line":70,"column":4},"end":{"line":70,"column":58}},"22":{"start":{"line":73,"column":3},"end":{"line":73,"column":84}},"23":{"start":{"line":74,"column":4},"end":{"line":74,"column":48}},"24":{"start":{"line":75,"column":4},"end":{"line":75,"column":24}},"25":{"start":{"line":76,"column":4},"end":{"line":76,"column":55}},"26":{"start":{"line":79,"column":4},"end":{"line":79,"column":79}},"27":{"start":{"line":80,"column":4},"end":{"line":80,"column":48}},"28":{"start":{"line":81,"column":4},"end":{"line":81,"column":21}},"29":{"start":{"line":82,"column":4},"end":{"line":82,"column":52}},"30":{"start":{"line":85,"column":4},"end":{"line":85,"column":70}},"31":{"start":{"line":86,"column":4},"end":{"line":86,"column":49}},"32":{"start":{"line":87,"column":4},"end":{"line":87,"column":24}},"33":{"start":{"line":88,"column":4},"end":{"line":88,"column":25}},"34":{"start":{"line":92,"column":4},"end":{"line":92,"column":11}},"35":{"start":{"line":96,"column":4},"end":{"line":96,"column":13}}},"branchMap":{"1":{"line":60,"type":"if","locations":[{"start":{"line":60,"column":4},"end":{"line":60,"column":4}},{"start":{"line":60,"column":4},"end":{"line":60,"column":4}}]},"2":{"line":66,"type":"if","locations":[{"start":{"line":66,"column":4},"end":{"line":66,"column":4}},{"start":{"line":66,"column":4},"end":{"line":66,"column":4}}]},"3":{"line":73,"type":"if","locations":[{"start":{"line":73,"column":3},"end":{"line":73,"column":3}},{"start":{"line":73,"column":3},"end":{"line":73,"column":3}}]},"4":{"line":79,"type":"if","locations":[{"start":{"line":79,"column":4},"end":{"line":79,"column":4}},{"start":{"line":79,"column":4},"end":{"line":79,"column":4}}]}}}}