{"contracts/cube.sol":{"l":{"105":342,"106":342,"107":342,"108":342,"110":342,"111":342,"112":342,"113":342,"114":342,"116":342,"117":342,"123":0,"124":0,"125":0,"129":79,"130":0,"131":0,"132":0,"134":79,"140":76,"144":79,"146":79,"147":79,"152":79,"154":79,"155":79,"156":79,"157":79,"158":79,"161":79,"162":79,"165":79,"168":79,"176":6,"177":5,"178":5,"179":4,"180":4,"191":2,"194":2,"197":2,"198":2,"200":4,"201":4,"204":4,"205":4,"206":4,"207":4,"209":2,"213":0,"217":0},"path":"/Users/kenth/code/sunblock-contracts/contracts/cube.sol","s":{"1":342,"2":342,"3":342,"4":342,"5":342,"6":342,"7":342,"8":342,"9":342,"10":342,"11":342,"12":0,"13":0,"14":0,"15":79,"16":0,"17":0,"18":0,"19":79,"20":76,"21":79,"22":79,"23":79,"24":79,"25":79,"26":79,"27":79,"28":79,"29":79,"30":79,"31":79,"32":79,"33":79,"34":6,"35":5,"36":5,"37":4,"38":4,"39":2,"40":2,"41":2,"42":2,"43":4,"44":4,"45":4,"46":4,"47":4,"48":4,"49":2,"50":0,"51":0},"b":{"1":[0,79],"2":[79,0],"3":[79,0],"4":[79,0],"5":[5,1],"6":[2,0]},"f":{"1":342,"2":0,"3":79,"4":76,"5":79,"6":6,"7":2,"8":0,"9":0,"10":0},"fnMap":{"1":{"name":"initialize","line":104,"loc":{"start":{"line":104,"column":4},"end":{"line":118,"column":4}}},"2":{"name":"setInvestmentTarget","line":122,"loc":{"start":{"line":122,"column":4},"end":{"line":126,"column":4}}},"3":{"name":"_tryFundingTarget","line":128,"loc":{"start":{"line":128,"column":4},"end":{"line":136,"column":4}}},"4":{"name":"shareHolderCount","line":139,"loc":{"start":{"line":139,"column":4},"end":{"line":141,"column":2}}},"5":{"name":"buyShares","line":143,"loc":{"start":{"line":143,"column":4},"end":{"line":169,"column":2}}},"6":{"name":"collectRewards","line":175,"loc":{"start":{"line":175,"column":2},"end":{"line":181,"column":2}}},"7":{"name":"distributeRewards","line":189,"loc":{"start":{"line":189,"column":2},"end":{"line":210,"column":2}}},"8":{"name":"pause","line":212,"loc":{"start":{"line":212,"column":4},"end":{"line":214,"column":4}}},"9":{"name":"unpause","line":216,"loc":{"start":{"line":216,"column":4},"end":{"line":218,"column":4}}},"10":{"name":"_authorizeUpgrade","line":223,"loc":{"start":{"line":220,"column":4},"end":{"line":224,"column":5}}}},"statementMap":{"1":{"start":{"line":105,"column":8},"end":{"line":105,"column":24}},"2":{"start":{"line":106,"column":8},"end":{"line":106,"column":29}},"3":{"start":{"line":107,"column":8},"end":{"line":107,"column":31}},"4":{"start":{"line":108,"column":8},"end":{"line":108,"column":31}},"5":{"start":{"line":110,"column":8},"end":{"line":110,"column":49}},"6":{"start":{"line":111,"column":8},"end":{"line":111,"column":42}},"7":{"start":{"line":112,"column":8},"end":{"line":112,"column":44}},"8":{"start":{"line":113,"column":8},"end":{"line":113,"column":43}},"9":{"start":{"line":114,"column":8},"end":{"line":114,"column":44}},"10":{"start":{"line":116,"column":8},"end":{"line":116,"column":64}},"11":{"start":{"line":117,"column":8},"end":{"line":117,"column":27}},"12":{"start":{"line":123,"column":6},"end":{"line":123,"column":28}},"13":{"start":{"line":124,"column":6},"end":{"line":124,"column":27}},"14":{"start":{"line":125,"column":6},"end":{"line":125,"column":24}},"15":{"start":{"line":129,"column":6},"end":{"line":129,"column":4610}},"16":{"start":{"line":130,"column":8},"end":{"line":130,"column":66}},"17":{"start":{"line":131,"column":8},"end":{"line":131,"column":61}},"18":{"start":{"line":132,"column":8},"end":{"line":132,"column":19}},"19":{"start":{"line":134,"column":8},"end":{"line":134,"column":20}},"20":{"start":{"line":140,"column":5},"end":{"line":140,"column":52}},"21":{"start":{"line":144,"column":4},"end":{"line":144,"column":62}},"22":{"start":{"line":146,"column":4},"end":{"line":146,"column":50}},"23":{"start":{"line":147,"column":4},"end":{"line":147,"column":5232}},"24":{"start":{"line":152,"column":4},"end":{"line":152,"column":41}},"25":{"start":{"line":154,"column":4},"end":{"line":154,"column":52}},"26":{"start":{"line":155,"column":4},"end":{"line":155,"column":28}},"27":{"start":{"line":156,"column":4},"end":{"line":156,"column":70}},"28":{"start":{"line":157,"column":4},"end":{"line":157,"column":5580}},"29":{"start":{"line":158,"column":6},"end":{"line":158,"column":37}},"30":{"start":{"line":161,"column":4},"end":{"line":161,"column":31}},"31":{"start":{"line":162,"column":4},"end":{"line":162,"column":30}},"32":{"start":{"line":165,"column":4},"end":{"line":165,"column":47}},"33":{"start":{"line":168,"column":4},"end":{"line":168,"column":22}},"34":{"start":{"line":176,"column":4},"end":{"line":176,"column":48}},"35":{"start":{"line":177,"column":4},"end":{"line":177,"column":72}},"36":{"start":{"line":178,"column":4},"end":{"line":178,"column":44}},"37":{"start":{"line":179,"column":4},"end":{"line":179,"column":25}},"38":{"start":{"line":180,"column":4},"end":{"line":180,"column":58}},"39":{"start":{"line":191,"column":4},"end":{"line":191,"column":55}},"40":{"start":{"line":194,"column":4},"end":{"line":194,"column":55}},"41":{"start":{"line":197,"column":4},"end":{"line":197,"column":64}},"42":{"start":{"line":198,"column":4},"end":{"line":198,"column":7063}},"43":{"start":{"line":200,"column":6},"end":{"line":200,"column":66}},"44":{"start":{"line":201,"column":6},"end":{"line":201,"column":57}},"45":{"start":{"line":204,"column":6},"end":{"line":204,"column":58}},"46":{"start":{"line":205,"column":6},"end":{"line":205,"column":60}},"47":{"start":{"line":206,"column":6},"end":{"line":206,"column":31}},"48":{"start":{"line":207,"column":6},"end":{"line":207,"column":48}},"49":{"start":{"line":209,"column":4},"end":{"line":209,"column":48}},"50":{"start":{"line":213,"column":8},"end":{"line":213,"column":15}},"51":{"start":{"line":217,"column":8},"end":{"line":217,"column":17}}},"branchMap":{"1":{"line":129,"type":"if","locations":[{"start":{"line":129,"column":6},"end":{"line":129,"column":6}},{"start":{"line":129,"column":6},"end":{"line":129,"column":6}}]},"2":{"line":144,"type":"if","locations":[{"start":{"line":144,"column":4},"end":{"line":144,"column":4}},{"start":{"line":144,"column":4},"end":{"line":144,"column":4}}]},"3":{"line":152,"type":"if","locations":[{"start":{"line":152,"column":4},"end":{"line":152,"column":4}},{"start":{"line":152,"column":4},"end":{"line":152,"column":4}}]},"4":{"line":157,"type":"if","locations":[{"start":{"line":157,"column":4},"end":{"line":157,"column":4}},{"start":{"line":157,"column":4},"end":{"line":157,"column":4}}]},"5":{"line":176,"type":"if","locations":[{"start":{"line":176,"column":4},"end":{"line":176,"column":4}},{"start":{"line":176,"column":4},"end":{"line":176,"column":4}}]},"6":{"line":194,"type":"if","locations":[{"start":{"line":194,"column":4},"end":{"line":194,"column":4}},{"start":{"line":194,"column":4},"end":{"line":194,"column":4}}]}}},"contracts/ISunblockInvestmentVehicle.sol":{"l":{},"path":"/Users/kenth/code/sunblock-contracts/contracts/ISunblockInvestmentVehicle.sol","s":{},"b":{},"f":{},"fnMap":{},"statementMap":{},"branchMap":{}},"contracts/sunblockInvestmentVehicle_v1.sol":{"l":{"40":570,"41":570,"42":570,"44":570,"45":570,"46":570,"47":570,"49":570,"50":570,"55":87,"56":87,"57":87,"58":87,"59":87,"62":4,"63":3,"64":3,"65":3,"66":3,"67":3,"70":89,"71":89,"72":89,"73":89,"74":89,"75":89,"76":89,"79":10,"80":7,"81":7,"82":7,"83":7,"84":7,"87":5,"88":3,"89":3,"90":3,"91":3,"92":3,"95":89,"96":89,"97":89,"98":89,"102":0,"106":0},"path":"/Users/kenth/code/sunblock-contracts/contracts/sunblockInvestmentVehicle_v1.sol","s":{"1":570,"2":570,"3":570,"4":570,"5":570,"6":570,"7":570,"8":570,"9":570,"10":87,"11":87,"12":87,"13":87,"14":87,"15":4,"16":3,"17":3,"18":3,"19":3,"20":3,"21":89,"22":89,"23":89,"24":89,"25":89,"26":89,"27":89,"28":10,"29":7,"30":7,"31":7,"32":7,"33":7,"34":5,"35":3,"36":3,"37":3,"38":3,"39":3,"40":89,"41":89,"42":89,"43":89,"44":0,"45":0},"b":{"1":[87,0],"2":[3,1],"3":[3,0],"4":[89,0],"5":[89,0],"6":[7,3],"7":[7,0],"8":[3,2],"9":[3,0]},"f":{"1":3,"2":570,"3":87,"4":4,"5":89,"6":10,"7":5,"8":89,"9":0,"10":0,"11":1},"fnMap":{"1":{"name":"constructor","line":37,"loc":{"start":{"line":37,"column":2},"end":{"line":37,"column":29}}},"2":{"name":"initialize","line":39,"loc":{"start":{"line":39,"column":2},"end":{"line":51,"column":2}}},"3":{"name":"depositInvestment","line":54,"loc":{"start":{"line":54,"column":2},"end":{"line":60,"column":2}}},"4":{"name":"withdrawInvestment","line":61,"loc":{"start":{"line":61,"column":2},"end":{"line":68,"column":2}}},"5":{"name":"depositReward","line":69,"loc":{"start":{"line":69,"column":2},"end":{"line":77,"column":2}}},"6":{"name":"withdrawReward","line":78,"loc":{"start":{"line":78,"column":2},"end":{"line":85,"column":2}}},"7":{"name":"withdrawManagerFee","line":86,"loc":{"start":{"line":86,"column":2},"end":{"line":93,"column":2}}},"8":{"name":"_extractFee","line":94,"loc":{"start":{"line":94,"column":2},"end":{"line":99,"column":2}}},"9":{"name":"pause","line":101,"loc":{"start":{"line":101,"column":2},"end":{"line":103,"column":2}}},"10":{"name":"unpause","line":105,"loc":{"start":{"line":105,"column":2},"end":{"line":107,"column":2}}},"11":{"name":"_authorizeUpgrade","line":112,"loc":{"start":{"line":109,"column":2},"end":{"line":113,"column":3}}}},"statementMap":{"1":{"start":{"line":40,"column":4},"end":{"line":40,"column":20}},"2":{"start":{"line":41,"column":4},"end":{"line":41,"column":25}},"3":{"start":{"line":42,"column":4},"end":{"line":42,"column":27}},"4":{"start":{"line":44,"column":4},"end":{"line":44,"column":45}},"5":{"start":{"line":45,"column":4},"end":{"line":45,"column":38}},"6":{"start":{"line":46,"column":4},"end":{"line":46,"column":40}},"7":{"start":{"line":47,"column":4},"end":{"line":47,"column":39}},"8":{"start":{"line":49,"column":4},"end":{"line":49,"column":41}},"9":{"start":{"line":50,"column":4},"end":{"line":50,"column":22}},"10":{"start":{"line":55,"column":4},"end":{"line":55,"column":82}},"11":{"start":{"line":56,"column":4},"end":{"line":56,"column":58}},"12":{"start":{"line":57,"column":4},"end":{"line":57,"column":28}},"13":{"start":{"line":58,"column":4},"end":{"line":58,"column":58}},"14":{"start":{"line":59,"column":4},"end":{"line":59,"column":18}},"15":{"start":{"line":62,"column":4},"end":{"line":62,"column":91}},"16":{"start":{"line":63,"column":4},"end":{"line":63,"column":63}},"17":{"start":{"line":64,"column":4},"end":{"line":64,"column":72}},"18":{"start":{"line":65,"column":4},"end":{"line":65,"column":27}},"19":{"start":{"line":66,"column":4},"end":{"line":66,"column":58}},"20":{"start":{"line":67,"column":4},"end":{"line":67,"column":18}},"21":{"start":{"line":70,"column":4},"end":{"line":70,"column":48}},"22":{"start":{"line":71,"column":4},"end":{"line":71,"column":49}},"23":{"start":{"line":72,"column":4},"end":{"line":72,"column":86}},"24":{"start":{"line":73,"column":4},"end":{"line":73,"column":48}},"25":{"start":{"line":74,"column":4},"end":{"line":74,"column":31}},"26":{"start":{"line":75,"column":4},"end":{"line":75,"column":58}},"27":{"start":{"line":76,"column":4},"end":{"line":76,"column":18}},"28":{"start":{"line":79,"column":3},"end":{"line":79,"column":84}},"29":{"start":{"line":80,"column":4},"end":{"line":80,"column":64}},"30":{"start":{"line":81,"column":4},"end":{"line":81,"column":68}},"31":{"start":{"line":82,"column":4},"end":{"line":82,"column":24}},"32":{"start":{"line":83,"column":4},"end":{"line":83,"column":55}},"33":{"start":{"line":84,"column":4},"end":{"line":84,"column":18}},"34":{"start":{"line":87,"column":4},"end":{"line":87,"column":79}},"35":{"start":{"line":88,"column":4},"end":{"line":88,"column":64}},"36":{"start":{"line":89,"column":4},"end":{"line":89,"column":68}},"37":{"start":{"line":90,"column":4},"end":{"line":90,"column":21}},"38":{"start":{"line":91,"column":4},"end":{"line":91,"column":52}},"39":{"start":{"line":92,"column":4},"end":{"line":92,"column":18}},"40":{"start":{"line":95,"column":4},"end":{"line":95,"column":70}},"41":{"start":{"line":96,"column":4},"end":{"line":96,"column":49}},"42":{"start":{"line":97,"column":4},"end":{"line":97,"column":24}},"43":{"start":{"line":98,"column":4},"end":{"line":98,"column":25}},"44":{"start":{"line":102,"column":4},"end":{"line":102,"column":11}},"45":{"start":{"line":106,"column":4},"end":{"line":106,"column":13}}},"branchMap":{"1":{"line":56,"type":"if","locations":[{"start":{"line":56,"column":4},"end":{"line":56,"column":4}},{"start":{"line":56,"column":4},"end":{"line":56,"column":4}}]},"2":{"line":62,"type":"if","locations":[{"start":{"line":62,"column":4},"end":{"line":62,"column":4}},{"start":{"line":62,"column":4},"end":{"line":62,"column":4}}]},"3":{"line":64,"type":"if","locations":[{"start":{"line":64,"column":4},"end":{"line":64,"column":4}},{"start":{"line":64,"column":4},"end":{"line":64,"column":4}}]},"4":{"line":70,"type":"if","locations":[{"start":{"line":70,"column":4},"end":{"line":70,"column":4}},{"start":{"line":70,"column":4},"end":{"line":70,"column":4}}]},"5":{"line":73,"type":"if","locations":[{"start":{"line":73,"column":4},"end":{"line":73,"column":4}},{"start":{"line":73,"column":4},"end":{"line":73,"column":4}}]},"6":{"line":79,"type":"if","locations":[{"start":{"line":79,"column":3},"end":{"line":79,"column":3}},{"start":{"line":79,"column":3},"end":{"line":79,"column":3}}]},"7":{"line":81,"type":"if","locations":[{"start":{"line":81,"column":4},"end":{"line":81,"column":4}},{"start":{"line":81,"column":4},"end":{"line":81,"column":4}}]},"8":{"line":87,"type":"if","locations":[{"start":{"line":87,"column":4},"end":{"line":87,"column":4}},{"start":{"line":87,"column":4},"end":{"line":87,"column":4}}]},"9":{"line":89,"type":"if","locations":[{"start":{"line":89,"column":4},"end":{"line":89,"column":4}},{"start":{"line":89,"column":4},"end":{"line":89,"column":4}}]}}}}